{"/Users/george/Desktop/FinalProjectJB/stats_website/frontend/src/App.js": {"path":"/Users/george/Desktop/FinalProjectJB/stats_website/frontend/src/App.js","statementMap":{"0":{"start":{"line":11,"column":48},"end":{"line":11,"column":63}},"1":{"start":{"line":12,"column":26},"end":{"line":12,"column":40}},"2":{"start":{"line":14,"column":2},"end":{"line":20,"column":9}},"3":{"start":{"line":15,"column":22},"end":{"line":15,"column":50}},"4":{"start":{"line":16,"column":4},"end":{"line":19,"column":5}},"5":{"start":{"line":17,"column":6},"end":{"line":17,"column":37}},"6":{"start":{"line":18,"column":6},"end":{"line":18,"column":31}},"7":{"start":{"line":22,"column":22},"end":{"line":26,"column":3}},"8":{"start":{"line":23,"column":4},"end":{"line":23,"column":22}},"9":{"start":{"line":24,"column":4},"end":{"line":24,"column":29}},"10":{"start":{"line":25,"column":4},"end":{"line":25,"column":59}},"11":{"start":{"line":28,"column":23},"end":{"line":32,"column":3}},"12":{"start":{"line":29,"column":4},"end":{"line":29,"column":18}},"13":{"start":{"line":30,"column":4},"end":{"line":30,"column":30}},"14":{"start":{"line":31,"column":4},"end":{"line":31,"column":36}},"15":{"start":{"line":34,"column":2},"end":{"line":66,"column":4}}},"fnMap":{"0":{"name":"App","decl":{"start":{"line":10,"column":9},"end":{"line":10,"column":12}},"loc":{"start":{"line":10,"column":15},"end":{"line":67,"column":1}},"line":10},"1":{"name":"(anonymous_1)","decl":{"start":{"line":14,"column":12},"end":{"line":14,"column":13}},"loc":{"start":{"line":14,"column":18},"end":{"line":20,"column":3}},"line":14},"2":{"name":"(anonymous_2)","decl":{"start":{"line":22,"column":22},"end":{"line":22,"column":23}},"loc":{"start":{"line":22,"column":36},"end":{"line":26,"column":3}},"line":22},"3":{"name":"(anonymous_3)","decl":{"start":{"line":28,"column":23},"end":{"line":28,"column":24}},"loc":{"start":{"line":28,"column":29},"end":{"line":32,"column":3}},"line":28}},"branchMap":{"0":{"loc":{"start":{"line":16,"column":4},"end":{"line":19,"column":5}},"type":"if","locations":[{"start":{"line":16,"column":4},"end":{"line":19,"column":5}},{"start":{},"end":{}}],"line":16},"1":{"loc":{"start":{"line":47,"column":14},"end":{"line":49,"column":45}},"type":"cond-expr","locations":[{"start":{"line":48,"column":14},"end":{"line":48,"column":51}},{"start":{"line":49,"column":14},"end":{"line":49,"column":45}}],"line":47},"2":{"loc":{"start":{"line":55,"column":14},"end":{"line":57,"column":46}},"type":"cond-expr","locations":[{"start":{"line":56,"column":14},"end":{"line":56,"column":28}},{"start":{"line":57,"column":14},"end":{"line":57,"column":46}}],"line":55}},"s":{"0":0,"1":0,"2":0,"3":0,"4":0,"5":0,"6":0,"7":0,"8":0,"9":0,"10":0,"11":0,"12":0,"13":0,"14":0,"15":0},"f":{"0":0,"1":0,"2":0,"3":0},"b":{"0":[0,0],"1":[0,0],"2":[0,0]}}
,"/Users/george/Desktop/FinalProjectJB/stats_website/frontend/src/index.js": {"path":"/Users/george/Desktop/FinalProjectJB/stats_website/frontend/src/index.js","statementMap":{"0":{"start":{"line":6,"column":13},"end":{"line":6,"column":65}},"1":{"start":{"line":7,"column":0},"end":{"line":11,"column":2}}},"fnMap":{},"branchMap":{},"s":{"0":0,"1":0},"f":{},"b":{}}
,"/Users/george/Desktop/FinalProjectJB/stats_website/frontend/src/components/Navbar.js": {"path":"/Users/george/Desktop/FinalProjectJB/stats_website/frontend/src/components/Navbar.js","statementMap":{"0":{"start":{"line":4,"column":15},"end":{"line":42,"column":1}},"1":{"start":{"line":5,"column":19},"end":{"line":5,"column":32}},"2":{"start":{"line":7,"column":23},"end":{"line":10,"column":3}},"3":{"start":{"line":8,"column":4},"end":{"line":8,"column":15}},"4":{"start":{"line":9,"column":4},"end":{"line":9,"column":18}},"5":{"start":{"line":12,"column":2},"end":{"line":41,"column":4}}},"fnMap":{"0":{"name":"(anonymous_0)","decl":{"start":{"line":4,"column":15},"end":{"line":4,"column":16}},"loc":{"start":{"line":4,"column":50},"end":{"line":42,"column":1}},"line":4},"1":{"name":"(anonymous_1)","decl":{"start":{"line":7,"column":23},"end":{"line":7,"column":24}},"loc":{"start":{"line":7,"column":29},"end":{"line":10,"column":3}},"line":7}},"branchMap":{"0":{"loc":{"start":{"line":21,"column":11},"end":{"line":37,"column":11}},"type":"cond-expr","locations":[{"start":{"line":22,"column":12},"end":{"line":34,"column":15}},{"start":{"line":36,"column":12},"end":{"line":36,"column":51}}],"line":21}},"s":{"0":0,"1":0,"2":0,"3":0,"4":0,"5":0},"f":{"0":0,"1":0},"b":{"0":[0,0]}}
,"/Users/george/Desktop/FinalProjectJB/stats_website/frontend/src/pages/About.js": {"path":"/Users/george/Desktop/FinalProjectJB/stats_website/frontend/src/pages/About.js","statementMap":{"0":{"start":{"line":3,"column":14},"end":{"line":92,"column":1}},"1":{"start":{"line":4,"column":2},"end":{"line":91,"column":4}}},"fnMap":{"0":{"name":"(anonymous_0)","decl":{"start":{"line":3,"column":14},"end":{"line":3,"column":15}},"loc":{"start":{"line":3,"column":20},"end":{"line":92,"column":1}},"line":3}},"branchMap":{},"s":{"0":0,"1":0},"f":{"0":0},"b":{}}
,"/Users/george/Desktop/FinalProjectJB/stats_website/frontend/src/pages/Home.js": {"path":"/Users/george/Desktop/FinalProjectJB/stats_website/frontend/src/pages/Home.js","statementMap":{"0":{"start":{"line":4,"column":13},"end":{"line":65,"column":1}},"1":{"start":{"line":5,"column":2},"end":{"line":64,"column":4}}},"fnMap":{"0":{"name":"(anonymous_0)","decl":{"start":{"line":4,"column":13},"end":{"line":4,"column":14}},"loc":{"start":{"line":4,"column":38},"end":{"line":65,"column":1}},"line":4}},"branchMap":{"0":{"loc":{"start":{"line":13,"column":11},"end":{"line":21,"column":11}},"type":"cond-expr","locations":[{"start":{"line":14,"column":12},"end":{"line":16,"column":19}},{"start":{"line":18,"column":12},"end":{"line":20,"column":19}}],"line":13}},"s":{"0":1,"1":8},"f":{"0":8},"b":{"0":[1,7]},"_coverageSchema":"1a1c01bbd47fc00a2c39e90264f33305004495a9","hash":"03bb8740e573059ab535fa4acd50f0f6b8f30286"}
,"/Users/george/Desktop/FinalProjectJB/stats_website/frontend/src/pages/Login.js": {"path":"/Users/george/Desktop/FinalProjectJB/stats_website/frontend/src/pages/Login.js","statementMap":{"0":{"start":{"line":5,"column":14},"end":{"line":99,"column":1}},"1":{"start":{"line":6,"column":28},"end":{"line":6,"column":40}},"2":{"start":{"line":7,"column":34},"end":{"line":7,"column":46}},"3":{"start":{"line":8,"column":28},"end":{"line":8,"column":40}},"4":{"start":{"line":9,"column":32},"end":{"line":9,"column":47}},"5":{"start":{"line":10,"column":19},"end":{"line":10,"column":32}},"6":{"start":{"line":12,"column":23},"end":{"line":35,"column":3}},"7":{"start":{"line":13,"column":4},"end":{"line":13,"column":23}},"8":{"start":{"line":14,"column":4},"end":{"line":14,"column":21}},"9":{"start":{"line":15,"column":4},"end":{"line":15,"column":17}},"10":{"start":{"line":17,"column":4},"end":{"line":34,"column":5}},"11":{"start":{"line":18,"column":21},"end":{"line":18,"column":61}},"12":{"start":{"line":20,"column":6},"end":{"line":25,"column":7}},"13":{"start":{"line":21,"column":8},"end":{"line":21,"column":29}},"14":{"start":{"line":22,"column":8},"end":{"line":22,"column":32}},"15":{"start":{"line":24,"column":8},"end":{"line":24,"column":49}},"16":{"start":{"line":27,"column":6},"end":{"line":31,"column":7}},"17":{"start":{"line":28,"column":8},"end":{"line":28,"column":110}},"18":{"start":{"line":30,"column":8},"end":{"line":30,"column":52}},"19":{"start":{"line":33,"column":6},"end":{"line":33,"column":24}},"20":{"start":{"line":37,"column":2},"end":{"line":98,"column":4}},"21":{"start":{"line":57,"column":29},"end":{"line":57,"column":53}},"22":{"start":{"line":71,"column":29},"end":{"line":71,"column":56}}},"fnMap":{"0":{"name":"(anonymous_0)","decl":{"start":{"line":5,"column":14},"end":{"line":5,"column":15}},"loc":{"start":{"line":5,"column":31},"end":{"line":99,"column":1}},"line":5},"1":{"name":"(anonymous_1)","decl":{"start":{"line":12,"column":23},"end":{"line":12,"column":24}},"loc":{"start":{"line":12,"column":36},"end":{"line":35,"column":3}},"line":12},"2":{"name":"(anonymous_2)","decl":{"start":{"line":57,"column":22},"end":{"line":57,"column":23}},"loc":{"start":{"line":57,"column":29},"end":{"line":57,"column":53}},"line":57},"3":{"name":"(anonymous_3)","decl":{"start":{"line":71,"column":22},"end":{"line":71,"column":23}},"loc":{"start":{"line":71,"column":29},"end":{"line":71,"column":56}},"line":71}},"branchMap":{"0":{"loc":{"start":{"line":20,"column":6},"end":{"line":25,"column":7}},"type":"if","locations":[{"start":{"line":20,"column":6},"end":{"line":25,"column":7}},{"start":{"line":23,"column":13},"end":{"line":25,"column":7}}],"line":20},"1":{"loc":{"start":{"line":24,"column":17},"end":{"line":24,"column":47}},"type":"binary-expr","locations":[{"start":{"line":24,"column":17},"end":{"line":24,"column":29}},{"start":{"line":24,"column":33},"end":{"line":24,"column":47}}],"line":24},"2":{"loc":{"start":{"line":27,"column":6},"end":{"line":31,"column":7}},"type":"if","locations":[{"start":{"line":27,"column":6},"end":{"line":31,"column":7}},{"start":{"line":29,"column":13},"end":{"line":31,"column":7}}],"line":27},"3":{"loc":{"start":{"line":27,"column":10},"end":{"line":27,"column":57}},"type":"binary-expr","locations":[{"start":{"line":27,"column":10},"end":{"line":27,"column":24}},{"start":{"line":27,"column":28},"end":{"line":27,"column":57}}],"line":27},"4":{"loc":{"start":{"line":44,"column":9},"end":{"line":48,"column":9}},"type":"binary-expr","locations":[{"start":{"line":44,"column":9},"end":{"line":44,"column":14}},{"start":{"line":45,"column":10},"end":{"line":47,"column":16}}],"line":44},"5":{"loc":{"start":{"line":85,"column":13},"end":{"line":85,"column":48}},"type":"cond-expr","locations":[{"start":{"line":85,"column":23},"end":{"line":85,"column":38}},{"start":{"line":85,"column":41},"end":{"line":85,"column":48}}],"line":85}},"s":{"0":1,"1":23,"2":23,"3":23,"4":23,"5":23,"6":23,"7":3,"8":3,"9":3,"10":3,"11":3,"12":1,"13":1,"14":1,"15":0,"16":1,"17":1,"18":0,"19":2,"20":23,"21":4,"22":4},"f":{"0":23,"1":3,"2":4,"3":4},"b":{"0":[1,0],"1":[0,0],"2":[1,0],"3":[1,1],"4":[23,1],"5":[3,20]},"_coverageSchema":"1a1c01bbd47fc00a2c39e90264f33305004495a9","hash":"f8fb6ece35989260a2c376e87f29e7b4086cb213"}
,"/Users/george/Desktop/FinalProjectJB/stats_website/frontend/src/pages/NotFound.js": {"path":"/Users/george/Desktop/FinalProjectJB/stats_website/frontend/src/pages/NotFound.js","statementMap":{"0":{"start":{"line":4,"column":17},"end":{"line":19,"column":1}},"1":{"start":{"line":5,"column":2},"end":{"line":18,"column":4}}},"fnMap":{"0":{"name":"(anonymous_0)","decl":{"start":{"line":4,"column":17},"end":{"line":4,"column":18}},"loc":{"start":{"line":4,"column":23},"end":{"line":19,"column":1}},"line":4}},"branchMap":{},"s":{"0":0,"1":0},"f":{"0":0},"b":{}}
,"/Users/george/Desktop/FinalProjectJB/stats_website/frontend/src/pages/Statistics.js": {"path":"/Users/george/Desktop/FinalProjectJB/stats_website/frontend/src/pages/Statistics.js","statementMap":{"0":{"start":{"line":5,"column":15},"end":{"line":5,"column":81}},"1":{"start":{"line":7,"column":19},"end":{"line":168,"column":1}},"2":{"start":{"line":8,"column":44},"end":{"line":8,"column":58}},"3":{"start":{"line":9,"column":38},"end":{"line":9,"column":52}},"4":{"start":{"line":10,"column":38},"end":{"line":10,"column":52}},"5":{"start":{"line":11,"column":52},"end":{"line":11,"column":64}},"6":{"start":{"line":12,"column":32},"end":{"line":12,"column":46}},"7":{"start":{"line":13,"column":28},"end":{"line":13,"column":40}},"8":{"start":{"line":15,"column":2},"end":{"line":40,"column":9}},"9":{"start":{"line":16,"column":26},"end":{"line":37,"column":5}},"10":{"start":{"line":17,"column":6},"end":{"line":36,"column":7}},"11":{"start":{"line":18,"column":8},"end":{"line":18,"column":25}},"12":{"start":{"line":20,"column":55},"end":{"line":25,"column":10}},"13":{"start":{"line":27,"column":8},"end":{"line":27,"column":35}},"14":{"start":{"line":28,"column":8},"end":{"line":28,"column":29}},"15":{"start":{"line":29,"column":8},"end":{"line":29,"column":29}},"16":{"start":{"line":30,"column":8},"end":{"line":30,"column":43}},"17":{"start":{"line":33,"column":8},"end":{"line":33,"column":62}},"18":{"start":{"line":35,"column":8},"end":{"line":35,"column":26}},"19":{"start":{"line":39,"column":4},"end":{"line":39,"column":20}},"20":{"start":{"line":42,"column":2},"end":{"line":50,"column":3}},"21":{"start":{"line":43,"column":4},"end":{"line":49,"column":6}},"22":{"start":{"line":52,"column":2},"end":{"line":60,"column":3}},"23":{"start":{"line":53,"column":4},"end":{"line":59,"column":6}},"24":{"start":{"line":62,"column":28},"end":{"line":66,"column":8}},"25":{"start":{"line":68,"column":2},"end":{"line":167,"column":4}},"26":{"start":{"line":105,"column":51},"end":{"line":105,"column":103}},"27":{"start":{"line":111,"column":16},"end":{"line":111,"column":83}}},"fnMap":{"0":{"name":"(anonymous_0)","decl":{"start":{"line":7,"column":19},"end":{"line":7,"column":20}},"loc":{"start":{"line":7,"column":25},"end":{"line":168,"column":1}},"line":7},"1":{"name":"(anonymous_1)","decl":{"start":{"line":15,"column":12},"end":{"line":15,"column":13}},"loc":{"start":{"line":15,"column":18},"end":{"line":40,"column":3}},"line":15},"2":{"name":"(anonymous_2)","decl":{"start":{"line":16,"column":26},"end":{"line":16,"column":27}},"loc":{"start":{"line":16,"column":38},"end":{"line":37,"column":5}},"line":16},"3":{"name":"(anonymous_3)","decl":{"start":{"line":105,"column":21},"end":{"line":105,"column":22}},"loc":{"start":{"line":105,"column":51},"end":{"line":105,"column":103}},"line":105},"4":{"name":"(anonymous_4)","decl":{"start":{"line":110,"column":37},"end":{"line":110,"column":38}},"loc":{"start":{"line":111,"column":16},"end":{"line":111,"column":83}},"line":111}},"branchMap":{"0":{"loc":{"start":{"line":42,"column":2},"end":{"line":50,"column":3}},"type":"if","locations":[{"start":{"line":42,"column":2},"end":{"line":50,"column":3}},{"start":{},"end":{}}],"line":42},"1":{"loc":{"start":{"line":52,"column":2},"end":{"line":60,"column":3}},"type":"if","locations":[{"start":{"line":52,"column":2},"end":{"line":60,"column":3}},{"start":{},"end":{}}],"line":52},"2":{"loc":{"start":{"line":62,"column":28},"end":{"line":66,"column":8}},"type":"cond-expr","locations":[{"start":{"line":62,"column":44},"end":{"line":66,"column":3}},{"start":{"line":66,"column":6},"end":{"line":66,"column":8}}],"line":62},"3":{"loc":{"start":{"line":76,"column":40},"end":{"line":76,"column":67}},"type":"binary-expr","locations":[{"start":{"line":76,"column":40},"end":{"line":76,"column":62}},{"start":{"line":76,"column":66},"end":{"line":76,"column":67}}],"line":76},"4":{"loc":{"start":{"line":81,"column":40},"end":{"line":81,"column":67}},"type":"binary-expr","locations":[{"start":{"line":81,"column":40},"end":{"line":81,"column":62}},{"start":{"line":81,"column":66},"end":{"line":81,"column":67}}],"line":81},"5":{"loc":{"start":{"line":87,"column":13},"end":{"line":89,"column":17}},"type":"cond-expr","locations":[{"start":{"line":88,"column":14},"end":{"line":88,"column":106}},{"start":{"line":89,"column":16},"end":{"line":89,"column":17}}],"line":87},"6":{"loc":{"start":{"line":141,"column":7},"end":{"line":165,"column":7}},"type":"binary-expr","locations":[{"start":{"line":141,"column":7},"end":{"line":141,"column":20}},{"start":{"line":142,"column":8},"end":{"line":164,"column":14}}],"line":141}},"s":{"0":1,"1":1,"2":9,"3":9,"4":9,"5":9,"6":9,"7":9,"8":9,"9":5,"10":5,"11":5,"12":5,"13":3,"14":3,"15":3,"16":3,"17":1,"18":4,"19":5,"20":9,"21":5,"22":4,"23":1,"24":3,"25":3,"26":0,"27":9},"f":{"0":9,"1":5,"2":5,"3":0,"4":9},"b":{"0":[5,4],"1":[1,3],"2":[3,0],"3":[3,0],"4":[3,0],"5":[3,0],"6":[3,3]},"_coverageSchema":"1a1c01bbd47fc00a2c39e90264f33305004495a9","hash":"744d5c7756275f7cba7393c0b998667ce1a96fae"}
,"/Users/george/Desktop/FinalProjectJB/stats_website/frontend/src/services/api.js": {"path":"/Users/george/Desktop/FinalProjectJB/stats_website/frontend/src/services/api.js","statementMap":{"0":{"start":{"line":3,"column":21},"end":{"line":3,"column":77}},"1":{"start":{"line":5,"column":12},"end":{"line":10,"column":2}},"2":{"start":{"line":12,"column":27},"end":{"line":22,"column":1}},"3":{"start":{"line":14,"column":21},"end":{"line":14,"column":67}},"4":{"start":{"line":15,"column":4},"end":{"line":15,"column":25}},"5":{"start":{"line":19,"column":21},"end":{"line":19,"column":47}},"6":{"start":{"line":20,"column":4},"end":{"line":20,"column":25}},"7":{"start":{"line":24,"column":28},"end":{"line":44,"column":1}},"8":{"start":{"line":26,"column":21},"end":{"line":26,"column":55}},"9":{"start":{"line":27,"column":4},"end":{"line":27,"column":25}},"10":{"start":{"line":31,"column":21},"end":{"line":31,"column":51}},"11":{"start":{"line":32,"column":4},"end":{"line":32,"column":25}},"12":{"start":{"line":36,"column":21},"end":{"line":36,"column":51}},"13":{"start":{"line":37,"column":4},"end":{"line":37,"column":25}},"14":{"start":{"line":41,"column":21},"end":{"line":41,"column":58}},"15":{"start":{"line":42,"column":4},"end":{"line":42,"column":25}}},"fnMap":{"0":{"name":"(anonymous_0)","decl":{"start":{"line":13,"column":9},"end":{"line":13,"column":10}},"loc":{"start":{"line":13,"column":36},"end":{"line":16,"column":3}},"line":13},"1":{"name":"(anonymous_1)","decl":{"start":{"line":18,"column":10},"end":{"line":18,"column":11}},"loc":{"start":{"line":18,"column":22},"end":{"line":21,"column":3}},"line":18},"2":{"name":"(anonymous_2)","decl":{"start":{"line":25,"column":20},"end":{"line":25,"column":21}},"loc":{"start":{"line":25,"column":32},"end":{"line":28,"column":3}},"line":25},"3":{"name":"(anonymous_3)","decl":{"start":{"line":30,"column":17},"end":{"line":30,"column":18}},"loc":{"start":{"line":30,"column":29},"end":{"line":33,"column":3}},"line":30},"4":{"name":"(anonymous_4)","decl":{"start":{"line":35,"column":17},"end":{"line":35,"column":18}},"loc":{"start":{"line":35,"column":29},"end":{"line":38,"column":3}},"line":35},"5":{"name":"(anonymous_5)","decl":{"start":{"line":40,"column":24},"end":{"line":40,"column":25}},"loc":{"start":{"line":40,"column":36},"end":{"line":43,"column":3}},"line":40}},"branchMap":{"0":{"loc":{"start":{"line":3,"column":21},"end":{"line":3,"column":77}},"type":"binary-expr","locations":[{"start":{"line":3,"column":21},"end":{"line":3,"column":50}},{"start":{"line":3,"column":54},"end":{"line":3,"column":77}}],"line":3}},"s":{"0":0,"1":0,"2":0,"3":0,"4":0,"5":0,"6":0,"7":0,"8":0,"9":0,"10":0,"11":0,"12":0,"13":0,"14":0,"15":0},"f":{"0":0,"1":0,"2":0,"3":0,"4":0,"5":0},"b":{"0":[0,0]}}
}
