TN:
SF:src/App.js
FN:10,App
FN:14,(anonymous_1)
FN:22,(anonymous_2)
FN:28,(anonymous_3)
FNF:4
FNH:0
FNDA:0,App
FNDA:0,(anonymous_1)
FNDA:0,(anonymous_2)
FNDA:0,(anonymous_3)
DA:11,0
DA:12,0
DA:14,0
DA:15,0
DA:16,0
DA:17,0
DA:18,0
DA:22,0
DA:23,0
DA:24,0
DA:25,0
DA:28,0
DA:29,0
DA:30,0
DA:31,0
DA:34,0
LF:16
LH:0
BRDA:16,0,0,0
BRDA:16,0,1,0
BRDA:47,1,0,0
BRDA:47,1,1,0
BRDA:55,2,0,0
BRDA:55,2,1,0
BRF:6
BRH:0
end_of_record
TN:
SF:src/index.js
FNF:0
FNH:0
DA:6,0
DA:7,0
LF:2
LH:0
BRF:0
BRH:0
end_of_record
TN:
SF:src/components/Navbar.js
FN:4,(anonymous_0)
FN:7,(anonymous_1)
FNF:2
FNH:0
FNDA:0,(anonymous_0)
FNDA:0,(anonymous_1)
DA:4,0
DA:5,0
DA:7,0
DA:8,0
DA:9,0
DA:12,0
LF:6
LH:0
BRDA:21,0,0,0
BRDA:21,0,1,0
BRF:2
BRH:0
end_of_record
TN:
SF:src/pages/About.js
FN:3,(anonymous_0)
FNF:1
FNH:0
FNDA:0,(anonymous_0)
DA:3,0
DA:4,0
LF:2
LH:0
BRF:0
BRH:0
end_of_record
TN:
SF:src/pages/Home.js
FN:4,(anonymous_0)
FNF:1
FNH:1
FNDA:8,(anonymous_0)
DA:4,1
DA:5,8
LF:2
LH:2
BRDA:13,0,0,1
BRDA:13,0,1,7
BRF:2
BRH:2
end_of_record
TN:
SF:src/pages/Login.js
FN:5,(anonymous_0)
FN:12,(anonymous_1)
FN:57,(anonymous_2)
FN:71,(anonymous_3)
FNF:4
FNH:4
FNDA:23,(anonymous_0)
FNDA:3,(anonymous_1)
FNDA:4,(anonymous_2)
FNDA:4,(anonymous_3)
DA:5,1
DA:6,23
DA:7,23
DA:8,23
DA:9,23
DA:10,23
DA:12,23
DA:13,3
DA:14,3
DA:15,3
DA:17,3
DA:18,3
DA:20,1
DA:21,1
DA:22,1
DA:24,0
DA:27,1
DA:28,1
DA:30,0
DA:33,2
DA:37,23
DA:57,4
DA:71,4
LF:23
LH:21
BRDA:20,0,0,1
BRDA:20,0,1,0
BRDA:24,1,0,0
BRDA:24,1,1,0
BRDA:27,2,0,1
BRDA:27,2,1,0
BRDA:27,3,0,1
BRDA:27,3,1,1
BRDA:44,4,0,23
BRDA:44,4,1,1
BRDA:85,5,0,3
BRDA:85,5,1,20
BRF:12
BRH:8
end_of_record
TN:
SF:src/pages/NotFound.js
FN:4,(anonymous_0)
FNF:1
FNH:0
FNDA:0,(anonymous_0)
DA:4,0
DA:5,0
LF:2
LH:0
BRF:0
BRH:0
end_of_record
TN:
SF:src/pages/Statistics.js
FN:7,(anonymous_0)
FN:15,(anonymous_1)
FN:16,(anonymous_2)
FN:105,(anonymous_3)
FN:110,(anonymous_4)
FNF:5
FNH:4
FNDA:9,(anonymous_0)
FNDA:5,(anonymous_1)
FNDA:5,(anonymous_2)
FNDA:0,(anonymous_3)
FNDA:9,(anonymous_4)
DA:5,1
DA:7,1
DA:8,9
DA:9,9
DA:10,9
DA:11,9
DA:12,9
DA:13,9
DA:15,9
DA:16,5
DA:17,5
DA:18,5
DA:20,5
DA:27,3
DA:28,3
DA:29,3
DA:30,3
DA:33,1
DA:35,4
DA:39,5
DA:42,9
DA:43,5
DA:52,4
DA:53,1
DA:62,3
DA:68,3
DA:105,0
DA:111,9
LF:28
LH:27
BRDA:42,0,0,5
BRDA:42,0,1,4
BRDA:52,1,0,1
BRDA:52,1,1,3
BRDA:62,2,0,3
BRDA:62,2,1,0
BRDA:76,3,0,3
BRDA:76,3,1,0
BRDA:81,4,0,3
BRDA:81,4,1,0
BRDA:87,5,0,3
BRDA:87,5,1,0
BRDA:141,6,0,3
BRDA:141,6,1,3
BRF:14
BRH:10
end_of_record
TN:
SF:src/services/api.js
FN:13,(anonymous_0)
FN:18,(anonymous_1)
FN:25,(anonymous_2)
FN:30,(anonymous_3)
FN:35,(anonymous_4)
FN:40,(anonymous_5)
FNF:6
FNH:0
FNDA:0,(anonymous_0)
FNDA:0,(anonymous_1)
FNDA:0,(anonymous_2)
FNDA:0,(anonymous_3)
FNDA:0,(anonymous_4)
FNDA:0,(anonymous_5)
DA:3,0
DA:5,0
DA:12,0
DA:14,0
DA:15,0
DA:19,0
DA:20,0
DA:24,0
DA:26,0
DA:27,0
DA:31,0
DA:32,0
DA:36,0
DA:37,0
DA:41,0
DA:42,0
LF:16
LH:0
BRDA:3,0,0,0
BRDA:3,0,1,0
BRF:2
BRH:0
end_of_record
